<?xml version="1.0" encoding="UTF-8"?>
<!-- Generated by org.testng.reporters.JUnitXMLReporter -->
<testsuite ignored="1" hostname="L-INE-JYY4T93" failures="0" tests="4" name="Test" time="0.072" errors="0" timestamp="2024-01-17T13:28:56 IST">
  <testcase classname="testNGBasics.Groups" name="addToCart" time="0.008"/>
  <testcase classname="testNGBasics.Groups" name="login" time="0.002"/>
  <testcase classname="testNGBasics.Groups" name="signup" time="0.002"/>
  <testcase classname="testNGBasics.Groups" name="signout" time="0.001"/>
  <testcase classname="testNGBasics.Groups" name="searchProduct" time="0.0">
    <ignored/>
  </testcase> <!-- searchProduct -->
</testsuite> <!-- Test -->
