<?xml version="1.0" encoding="UTF-8"?>
<!-- Generated by org.testng.reporters.JUnitXMLReporter -->
<testsuite ignored="0" hostname="L-INE-JYY4T93" failures="0" tests="4" name="Default test" time="14.128" errors="0" timestamp="2024-01-17T13:09:25 IST">
  <testcase classname="testNGBasics.InvocationCount" name="invocation" time="6.968"/>
  <testcase classname="testNGBasics.InvocationCount" name="invocation" time="7.666"/>
  <testcase classname="testNGBasics.InvocationCount" name="invocation" time="6.751"/>
  <testcase classname="testNGBasics.InvocationCount" name="invocation" time="6.395"/>
</testsuite> <!-- Default test -->
