<?xml version="1.0" encoding="UTF-8"?>
<testng-results ignored="0" total="4" passed="4" failed="0" skipped="0">
  <reporter-output>
  </reporter-output>
  <suite started-at="2024-01-17T13:28:56 IST" name="Suite" finished-at="2024-01-17T13:28:56 IST" duration-ms="72">
    <groups>
      <group name="reg">
        <method signature="Groups.login()[pri:0, instance:testNGBasics.Groups@791f145a]" name="login" class="testNGBasics.Groups"/>
        <method signature="Groups.signout()[pri:0, instance:testNGBasics.Groups@791f145a]" name="signout" class="testNGBasics.Groups"/>
      </group> <!-- reg -->
      <group name="smoke">
        <method signature="Groups.addToCart()[pri:0, instance:testNGBasics.Groups@791f145a]" name="addToCart" class="testNGBasics.Groups"/>
        <method signature="Groups.signup()[pri:0, instance:testNGBasics.Groups@791f145a]" name="signup" class="testNGBasics.Groups"/>
      </group> <!-- smoke -->
    </groups>
    <test started-at="2024-01-17T13:28:56 IST" name="Test" finished-at="2024-01-17T13:28:56 IST" duration-ms="72">
      <class name="testNGBasics.Groups">
        <test-method signature="addToCart()[pri:0, instance:testNGBasics.Groups@791f145a]" started-at="2024-01-17T13:28:56 IST" name="addToCart" finished-at="2024-01-17T13:28:56 IST" duration-ms="8" status="PASS">
          <reporter-output>
          </reporter-output>
        </test-method> <!-- addToCart -->
        <test-method signature="login()[pri:0, instance:testNGBasics.Groups@791f145a]" started-at="2024-01-17T13:28:56 IST" name="login" finished-at="2024-01-17T13:28:56 IST" duration-ms="2" status="PASS">
          <reporter-output>
          </reporter-output>
        </test-method> <!-- login -->
        <test-method signature="signup()[pri:0, instance:testNGBasics.Groups@791f145a]" started-at="2024-01-17T13:28:56 IST" name="signup" finished-at="2024-01-17T13:28:56 IST" duration-ms="2" status="PASS">
          <reporter-output>
          </reporter-output>
        </test-method> <!-- signup -->
        <test-method signature="signout()[pri:0, instance:testNGBasics.Groups@791f145a]" started-at="2024-01-17T13:28:56 IST" name="signout" finished-at="2024-01-17T13:28:56 IST" depends-on-methods="testNGBasics.Groups.addToCart" duration-ms="1" status="PASS">
          <reporter-output>
          </reporter-output>
        </test-method> <!-- signout -->
      </class> <!-- testNGBasics.Groups -->
    </test> <!-- Test -->
  </suite> <!-- Suite -->
</testng-results>
